<?xml version="1.0" encoding="UTF-8"?>
<!-- Generated by org.testng.reporters.JUnitXMLReporter -->
<testsuite hostname="DESKTOP-781B8QF" ignored="0" name="Test" tests="3" failures="0" timestamp="2020-01-18T04:16:12 IST" time="68.761" errors="0">
  <testcase name="sampleTest" time="0.014" classname="mobiletest.Base"/>
  <testcase name="ProceedToCart" time="34.002" classname="test.CheckoutTest"/>
  <testcase name="testOne" time="51.945" classname="mobiletest.AppiumMobile"/>
</testsuite> <!-- Test -->
